Traceback (most recent call last):
  File "/opt/anaconda3/envs/prototype/lib/python3.8/site-packages/jupyter_cache/executors/utils.py", line 51, in single_nb_execution
    executenb(
  File "/opt/anaconda3/envs/prototype/lib/python3.8/site-packages/nbclient/client.py", line 1112, in execute
    return NotebookClient(nb=nb, resources=resources, km=km, **kwargs).execute()
  File "/opt/anaconda3/envs/prototype/lib/python3.8/site-packages/nbclient/util.py", line 74, in wrapped
    return just_run(coro(*args, **kwargs))
  File "/opt/anaconda3/envs/prototype/lib/python3.8/site-packages/nbclient/util.py", line 53, in just_run
    return loop.run_until_complete(coro)
  File "/opt/anaconda3/envs/prototype/lib/python3.8/asyncio/base_events.py", line 616, in run_until_complete
    return future.result()
  File "/opt/anaconda3/envs/prototype/lib/python3.8/site-packages/nbclient/client.py", line 553, in async_execute
    await self.async_execute_cell(
  File "/opt/anaconda3/envs/prototype/lib/python3.8/site-packages/nbclient/client.py", line 857, in async_execute_cell
    self._check_raise_for_error(cell, exec_reply)
  File "/opt/anaconda3/envs/prototype/lib/python3.8/site-packages/nbclient/client.py", line 760, in _check_raise_for_error
    raise CellExecutionError.from_cell_and_msg(cell, exec_reply_content)
nbclient.exceptions.CellExecutionError: An error occurred while executing the following cell:
------------------
from sklearn.datasets import fetch_openml
mnist = fetch_openml(name='mnist_784')
X = mnist.data
labels = [int(k) for k in mnist.target]
labels = np.array(labels)
------------------

[0;31m---------------------------------------------------------------------------[0m
[0;31mModuleNotFoundError[0m                       Traceback (most recent call last)
[0;32m<ipython-input-5-cb5bf1ed7b5a>[0m in [0;36m<module>[0;34m[0m
[0;32m----> 1[0;31m [0;32mfrom[0m [0msklearn[0m[0;34m.[0m[0mdatasets[0m [0;32mimport[0m [0mfetch_openml[0m[0;34m[0m[0;34m[0m[0m
[0m[1;32m      2[0m [0mmnist[0m [0;34m=[0m [0mfetch_openml[0m[0;34m([0m[0mname[0m[0;34m=[0m[0;34m'mnist_784'[0m[0;34m)[0m[0;34m[0m[0;34m[0m[0m
[1;32m      3[0m [0mX[0m [0;34m=[0m [0mmnist[0m[0;34m.[0m[0mdata[0m[0;34m[0m[0;34m[0m[0m
[1;32m      4[0m [0mlabels[0m [0;34m=[0m [0;34m[[0m[0mint[0m[0;34m([0m[0mk[0m[0;34m)[0m [0;32mfor[0m [0mk[0m [0;32min[0m [0mmnist[0m[0;34m.[0m[0mtarget[0m[0;34m][0m[0;34m[0m[0;34m[0m[0m
[1;32m      5[0m [0mlabels[0m [0;34m=[0m [0mnp[0m[0;34m.[0m[0marray[0m[0;34m([0m[0mlabels[0m[0;34m)[0m[0;34m[0m[0;34m[0m[0m

[0;31mModuleNotFoundError[0m: No module named 'sklearn'
ModuleNotFoundError: No module named 'sklearn'

